[{"line":1,"elements":[{"start_timestamp":"2023-10-22T05:51:35.812Z","line":2,"name":"login valid test","description":"","id":"login-web-shopdemoqa;login-valid-test","type":"scenario","keyword":"Scenario","steps":[{"result":{"duration":1537800500,"status":"passed"},"line":3,"name":"user enter url","match":{"location":"com.juaracoding.cucumber.TestLogin.user_enter_url()"},"keyword":"Given "},{"result":{"duration":233615100,"status":"passed"},"line":4,"name":"user input valid username","match":{"location":"com.juaracoding.cucumber.TestLogin.user_input_valid_username()"},"keyword":"When "},{"result":{"duration":155170200,"status":"passed"},"line":5,"name":"user input valid password","match":{"location":"com.juaracoding.cucumber.TestLogin.user_input_valid_password()"},"keyword":"And "},{"result":{"duration":1741399300,"status":"passed"},"line":6,"name":"user click login button","match":{"location":"com.juaracoding.cucumber.TestLogin.user_click_login_button()"},"keyword":"And "},{"result":{"duration":109203400,"status":"passed"},"line":7,"name":"user get text login","match":{"location":"com.juaracoding.cucumber.TestLogin.user_get_text_hello()"},"keyword":"Then "}]},{"start_timestamp":"2023-10-22T05:51:39.646Z","line":9,"name":"logout valid test","description":"","id":"login-web-shopdemoqa;logout-valid-test","type":"scenario","keyword":"Scenario","steps":[{"result":{"duration":55022900,"status":"passed"},"line":10,"name":"user get text login","match":{"location":"com.juaracoding.cucumber.TestLogin.user_get_text_hello()"},"keyword":"Given "},{"result":{"error_message":"org.openqa.selenium.ElementClickInterceptedException: element click intercepted: Element <a href=\"https://shop.demoqa.com/my-account/customer-logout/?_wpnonce=55cdbb957c\">...</a> is not clickable at point (155, 9). Other element would receive the click: <img width=\"248\" height=\"70\" src=\"https://shop.demoqa.com/wp-content/uploads/2019/04/cropped-SHOP-1.png\" class=\"custom-logo\" alt=\"ToolsQA Demo Site\" decoding=\"async\">\n  (Session info: chrome=118.0.5993.89)\nBuild info: version: '3.141.59', revision: 'e82be7d358', time: '2018-11-14T08:17:03'\nSystem info: host: 'GIOVEST', ip: '192.168.197.196', os.name: 'Windows 11', os.arch: 'amd64', os.version: '10.0', java.version: '17.0.8'\nDriver info: org.openqa.selenium.chrome.ChromeDriver\nCapabilities {acceptInsecureCerts: false, browserName: chrome, browserVersion: 118.0.5993.89, chrome: {chromedriverVersion: 118.0.5993.70 (e52f33f30b91..., userDataDir: C:\\Users\\ASUS\\AppData\\Local...}, fedcm:accounts: true, goog:chromeOptions: {debuggerAddress: localhost:58077}, javascriptEnabled: true, networkConnectionEnabled: false, pageLoadStrategy: normal, platform: WINDOWS, platformName: WINDOWS, proxy: Proxy(), setWindowRect: true, strictFileInteractability: false, timeouts: {implicit: 0, pageLoad: 300000, script: 30000}, unhandledPromptBehavior: dismiss and notify, webauthn:extension:credBlob: true, webauthn:extension:largeBlob: true, webauthn:extension:minPinLength: true, webauthn:extension:prf: true, webauthn:virtualAuthenticators: true}\nSession ID: 8f0c8bfe671e27b50d00a9928993bcb6\r\n\tat java.base/jdk.internal.reflect.NativeConstructorAccessorImpl.newInstance0(Native Method)\r\n\tat java.base/jdk.internal.reflect.NativeConstructorAccessorImpl.newInstance(NativeConstructorAccessorImpl.java:77)\r\n\tat java.base/jdk.internal.reflect.DelegatingConstructorAccessorImpl.newInstance(DelegatingConstructorAccessorImpl.java:45)\r\n\tat java.base/java.lang.reflect.Constructor.newInstanceWithCaller(Constructor.java:499)\r\n\tat java.base/java.lang.reflect.Constructor.newInstance(Constructor.java:480)\r\n\tat org.openqa.selenium.remote.http.W3CHttpResponseCodec.createException(W3CHttpResponseCodec.java:187)\r\n\tat org.openqa.selenium.remote.http.W3CHttpResponseCodec.decode(W3CHttpResponseCodec.java:122)\r\n\tat org.openqa.selenium.remote.http.W3CHttpResponseCodec.decode(W3CHttpResponseCodec.java:49)\r\n\tat org.openqa.selenium.remote.HttpCommandExecutor.execute(HttpCommandExecutor.java:158)\r\n\tat org.openqa.selenium.remote.service.DriverCommandExecutor.execute(DriverCommandExecutor.java:83)\r\n\tat org.openqa.selenium.remote.RemoteWebDriver.execute(RemoteWebDriver.java:552)\r\n\tat org.openqa.selenium.remote.RemoteWebElement.execute(RemoteWebElement.java:285)\r\n\tat org.openqa.selenium.remote.RemoteWebElement.click(RemoteWebElement.java:84)\r\n\tat java.base/jdk.internal.reflect.NativeMethodAccessorImpl.invoke0(Native Method)\r\n\tat java.base/jdk.internal.reflect.NativeMethodAccessorImpl.invoke(NativeMethodAccessorImpl.java:77)\r\n\tat java.base/jdk.internal.reflect.DelegatingMethodAccessorImpl.invoke(DelegatingMethodAccessorImpl.java:43)\r\n\tat java.base/java.lang.reflect.Method.invoke(Method.java:568)\r\n\tat org.openqa.selenium.support.pagefactory.internal.LocatingElementHandler.invoke(LocatingElementHandler.java:51)\r\n\tat jdk.proxy2/jdk.proxy2.$Proxy23.click(Unknown Source)\r\n\tat com.juaracoding.pages.LoginPage.doLogout(LoginPage.java:63)\r\n\tat com.juaracoding.cucumber.TestLogin.user_click_logout_button(TestLogin.java:64)\r\n\tat ✽.user click logout button(file:///C:/Users/ASUS/juaracoding/sqabatch11/ShopDemoQA/src/main/resources/Features/Login.feature:11)\r\n","duration":1227514200,"status":"failed"},"line":11,"name":"user click logout button","match":{"location":"com.juaracoding.cucumber.TestLogin.user_click_logout_button()"},"keyword":"When "},{"result":{"status":"skipped"},"line":12,"name":"user get text logout","match":{"location":"com.juaracoding.cucumber.TestLogin.user_get_text_logout()"},"keyword":"Then "}]},{"start_timestamp":"2023-10-22T05:51:41.011Z","line":14,"name":"login invalid test","description":"","id":"login-web-shopdemoqa;login-invalid-test","type":"scenario","keyword":"Scenario","steps":[{"result":{"error_message":"org.openqa.selenium.NoSuchElementException: no such element: Unable to locate element: {\"method\":\"xpath\",\"selector\":\"//input[@id='username']\"}\n  (Session info: chrome=118.0.5993.89)\nFor documentation on this error, please visit: https://www.seleniumhq.org/exceptions/no_such_element.html\nBuild info: version: '3.141.59', revision: 'e82be7d358', time: '2018-11-14T08:17:03'\nSystem info: host: 'GIOVEST', ip: '192.168.197.196', os.name: 'Windows 11', os.arch: 'amd64', os.version: '10.0', java.version: '17.0.8'\nDriver info: org.openqa.selenium.chrome.ChromeDriver\nCapabilities {acceptInsecureCerts: false, browserName: chrome, browserVersion: 118.0.5993.89, chrome: {chromedriverVersion: 118.0.5993.70 (e52f33f30b91..., userDataDir: C:\\Users\\ASUS\\AppData\\Local...}, fedcm:accounts: true, goog:chromeOptions: {debuggerAddress: localhost:58077}, javascriptEnabled: true, networkConnectionEnabled: false, pageLoadStrategy: normal, platform: WINDOWS, platformName: WINDOWS, proxy: Proxy(), setWindowRect: true, strictFileInteractability: false, timeouts: {implicit: 0, pageLoad: 300000, script: 30000}, unhandledPromptBehavior: dismiss and notify, webauthn:extension:credBlob: true, webauthn:extension:largeBlob: true, webauthn:extension:minPinLength: true, webauthn:extension:prf: true, webauthn:virtualAuthenticators: true}\nSession ID: 8f0c8bfe671e27b50d00a9928993bcb6\n*** Element info: {Using=xpath, value=//input[@id='username']}\r\n\tat java.base/jdk.internal.reflect.NativeConstructorAccessorImpl.newInstance0(Native Method)\r\n\tat java.base/jdk.internal.reflect.NativeConstructorAccessorImpl.newInstance(NativeConstructorAccessorImpl.java:77)\r\n\tat java.base/jdk.internal.reflect.DelegatingConstructorAccessorImpl.newInstance(DelegatingConstructorAccessorImpl.java:45)\r\n\tat java.base/java.lang.reflect.Constructor.newInstanceWithCaller(Constructor.java:499)\r\n\tat java.base/java.lang.reflect.Constructor.newInstance(Constructor.java:480)\r\n\tat org.openqa.selenium.remote.http.W3CHttpResponseCodec.createException(W3CHttpResponseCodec.java:187)\r\n\tat org.openqa.selenium.remote.http.W3CHttpResponseCodec.decode(W3CHttpResponseCodec.java:122)\r\n\tat org.openqa.selenium.remote.http.W3CHttpResponseCodec.decode(W3CHttpResponseCodec.java:49)\r\n\tat org.openqa.selenium.remote.HttpCommandExecutor.execute(HttpCommandExecutor.java:158)\r\n\tat org.openqa.selenium.remote.service.DriverCommandExecutor.execute(DriverCommandExecutor.java:83)\r\n\tat org.openqa.selenium.remote.RemoteWebDriver.execute(RemoteWebDriver.java:552)\r\n\tat org.openqa.selenium.remote.RemoteWebDriver.findElement(RemoteWebDriver.java:323)\r\n\tat org.openqa.selenium.remote.RemoteWebDriver.findElementByXPath(RemoteWebDriver.java:428)\r\n\tat org.openqa.selenium.By$ByXPath.findElement(By.java:353)\r\n\tat org.openqa.selenium.remote.RemoteWebDriver.findElement(RemoteWebDriver.java:315)\r\n\tat org.openqa.selenium.support.pagefactory.DefaultElementLocator.findElement(DefaultElementLocator.java:69)\r\n\tat org.openqa.selenium.support.pagefactory.internal.LocatingElementHandler.invoke(LocatingElementHandler.java:38)\r\n\tat jdk.proxy2/jdk.proxy2.$Proxy23.sendKeys(Unknown Source)\r\n\tat com.juaracoding.pages.LoginPage.setUsername(LoginPage.java:51)\r\n\tat com.juaracoding.cucumber.TestLogin.user_input_invalid_username(TestLogin.java:75)\r\n\tat ✽.user input invalid username(file:///C:/Users/ASUS/juaracoding/sqabatch11/ShopDemoQA/src/main/resources/Features/Login.feature:15)\r\n","duration":10098464100,"status":"failed"},"line":15,"name":"user input invalid username","match":{"location":"com.juaracoding.cucumber.TestLogin.user_input_invalid_username()"},"keyword":"Given "},{"result":{"status":"skipped"},"line":16,"name":"user input valid password","match":{"location":"com.juaracoding.cucumber.TestLogin.user_input_valid_password()"},"keyword":"When "},{"result":{"status":"skipped"},"line":17,"name":"user click login button","match":{"location":"com.juaracoding.cucumber.TestLogin.user_click_login_button()"},"keyword":"And "},{"result":{"status":"skipped"},"line":18,"name":"user get text error invalid","match":{"location":"com.juaracoding.cucumber.TestLogin.user_get_text_error_invalid()"},"keyword":"Then "}]},{"start_timestamp":"2023-10-22T05:51:51.149Z","line":20,"name":"blank password test","description":"","id":"login-web-shopdemoqa;blank-password-test","type":"scenario","keyword":"Scenario","steps":[{"result":{"error_message":"org.openqa.selenium.NoSuchElementException: no such element: Unable to locate element: {\"method\":\"xpath\",\"selector\":\"//input[@id='username']\"}\n  (Session info: chrome=118.0.5993.89)\nFor documentation on this error, please visit: https://www.seleniumhq.org/exceptions/no_such_element.html\nBuild info: version: '3.141.59', revision: 'e82be7d358', time: '2018-11-14T08:17:03'\nSystem info: host: 'GIOVEST', ip: '192.168.197.196', os.name: 'Windows 11', os.arch: 'amd64', os.version: '10.0', java.version: '17.0.8'\nDriver info: org.openqa.selenium.chrome.ChromeDriver\nCapabilities {acceptInsecureCerts: false, browserName: chrome, browserVersion: 118.0.5993.89, chrome: {chromedriverVersion: 118.0.5993.70 (e52f33f30b91..., userDataDir: C:\\Users\\ASUS\\AppData\\Local...}, fedcm:accounts: true, goog:chromeOptions: {debuggerAddress: localhost:58077}, javascriptEnabled: true, networkConnectionEnabled: false, pageLoadStrategy: normal, platform: WINDOWS, platformName: WINDOWS, proxy: Proxy(), setWindowRect: true, strictFileInteractability: false, timeouts: {implicit: 0, pageLoad: 300000, script: 30000}, unhandledPromptBehavior: dismiss and notify, webauthn:extension:credBlob: true, webauthn:extension:largeBlob: true, webauthn:extension:minPinLength: true, webauthn:extension:prf: true, webauthn:virtualAuthenticators: true}\nSession ID: 8f0c8bfe671e27b50d00a9928993bcb6\n*** Element info: {Using=xpath, value=//input[@id='username']}\r\n\tat java.base/jdk.internal.reflect.NativeConstructorAccessorImpl.newInstance0(Native Method)\r\n\tat java.base/jdk.internal.reflect.NativeConstructorAccessorImpl.newInstance(NativeConstructorAccessorImpl.java:77)\r\n\tat java.base/jdk.internal.reflect.DelegatingConstructorAccessorImpl.newInstance(DelegatingConstructorAccessorImpl.java:45)\r\n\tat java.base/java.lang.reflect.Constructor.newInstanceWithCaller(Constructor.java:499)\r\n\tat java.base/java.lang.reflect.Constructor.newInstance(Constructor.java:480)\r\n\tat org.openqa.selenium.remote.http.W3CHttpResponseCodec.createException(W3CHttpResponseCodec.java:187)\r\n\tat org.openqa.selenium.remote.http.W3CHttpResponseCodec.decode(W3CHttpResponseCodec.java:122)\r\n\tat org.openqa.selenium.remote.http.W3CHttpResponseCodec.decode(W3CHttpResponseCodec.java:49)\r\n\tat org.openqa.selenium.remote.HttpCommandExecutor.execute(HttpCommandExecutor.java:158)\r\n\tat org.openqa.selenium.remote.service.DriverCommandExecutor.execute(DriverCommandExecutor.java:83)\r\n\tat org.openqa.selenium.remote.RemoteWebDriver.execute(RemoteWebDriver.java:552)\r\n\tat org.openqa.selenium.remote.RemoteWebDriver.findElement(RemoteWebDriver.java:323)\r\n\tat org.openqa.selenium.remote.RemoteWebDriver.findElementByXPath(RemoteWebDriver.java:428)\r\n\tat org.openqa.selenium.By$ByXPath.findElement(By.java:353)\r\n\tat org.openqa.selenium.remote.RemoteWebDriver.findElement(RemoteWebDriver.java:315)\r\n\tat org.openqa.selenium.support.pagefactory.DefaultElementLocator.findElement(DefaultElementLocator.java:69)\r\n\tat org.openqa.selenium.support.pagefactory.internal.LocatingElementHandler.invoke(LocatingElementHandler.java:38)\r\n\tat jdk.proxy2/jdk.proxy2.$Proxy23.sendKeys(Unknown Source)\r\n\tat com.juaracoding.pages.LoginPage.clearUser(LoginPage.java:67)\r\n\tat com.juaracoding.cucumber.TestLogin.user_clear_username(TestLogin.java:86)\r\n\tat ✽.user clear username(file:///C:/Users/ASUS/juaracoding/sqabatch11/ShopDemoQA/src/main/resources/Features/Login.feature:21)\r\n","duration":10333278600,"status":"failed"},"line":21,"name":"user clear username","match":{"location":"com.juaracoding.cucumber.TestLogin.user_clear_username()"},"keyword":"Given "},{"result":{"status":"skipped"},"line":22,"name":"user clear password","match":{"location":"com.juaracoding.cucumber.TestLogin.user_clear_password()"},"keyword":"When "},{"result":{"status":"skipped"},"line":23,"name":"user input valid username","match":{"location":"com.juaracoding.cucumber.TestLogin.user_input_valid_username()"},"keyword":"And "},{"result":{"duration":3402300,"status":"skipped"},"line":24,"name":"user input blank password","match":{"location":"com.juaracoding.cucumber.TestLogin.user_input_blank_password()"},"keyword":"And "},{"result":{"duration":5439200,"status":"skipped"},"line":25,"name":"user click login button","match":{"location":"com.juaracoding.cucumber.TestLogin.user_click_login_button()"},"keyword":"And "},{"result":{"status":"skipped"},"line":26,"name":"user get text error blank","match":{"location":"com.juaracoding.cucumber.TestLogin.user_get_text_error_blank()"},"keyword":"Then "}]}],"name":"Login Web ShopDemoQA","description":"","id":"login-web-shopdemoqa","keyword":"Feature","uri":"file:src/main/resources/Features/Login.feature","tags":[]},{"line":1,"elements":[{"start_timestamp":"2023-10-22T05:52:04.596Z","line":2,"name":"Failure while executing Cucumber","description":"","id":"failure;failure-while-executing-cucumber","type":"scenario","keyword":"Scenario","steps":[{"result":{"duration":0,"status":"passed"},"line":3,"name":"Cucumber failed while executing","match":{"arguments":[],"location":"io.cucumber.core.Failure.failure_while_executing_cucumber()"},"keyword":"When "},{"result":{"duration":0,"error_message":"org.openqa.selenium.WebDriverException: disconnected: not connected to DevTools\n  (failed to check if window was closed: disconnected: not connected to DevTools)\n  (Session info: chrome=118.0.5993.89)\nBuild info: version: '3.141.59', revision: 'e82be7d358', time: '2018-11-14T08:17:03'\nSystem info: host: 'GIOVEST', ip: '192.168.197.196', os.name: 'Windows 11', os.arch: 'amd64', os.version: '10.0', java.version: '17.0.8'\nDriver info: org.openqa.selenium.chrome.ChromeDriver\nCapabilities {acceptInsecureCerts: false, browserName: chrome, browserVersion: 118.0.5993.89, chrome: {chromedriverVersion: 118.0.5993.70 (e52f33f30b91..., userDataDir: C:\\Users\\ASUS\\AppData\\Local...}, fedcm:accounts: true, goog:chromeOptions: {debuggerAddress: localhost:58077}, javascriptEnabled: true, networkConnectionEnabled: false, pageLoadStrategy: normal, platform: WINDOWS, platformName: WINDOWS, proxy: Proxy(), setWindowRect: true, strictFileInteractability: false, timeouts: {implicit: 0, pageLoad: 300000, script: 30000}, unhandledPromptBehavior: dismiss and notify, webauthn:extension:credBlob: true, webauthn:extension:largeBlob: true, webauthn:extension:minPinLength: true, webauthn:extension:prf: true, webauthn:virtualAuthenticators: true}\nSession ID: 8f0c8bfe671e27b50d00a9928993bcb6\r\n\tat java.base/jdk.internal.reflect.NativeConstructorAccessorImpl.newInstance0(Native Method)\r\n\tat java.base/jdk.internal.reflect.NativeConstructorAccessorImpl.newInstance(NativeConstructorAccessorImpl.java:77)\r\n\tat java.base/jdk.internal.reflect.DelegatingConstructorAccessorImpl.newInstance(DelegatingConstructorAccessorImpl.java:45)\r\n\tat java.base/java.lang.reflect.Constructor.newInstanceWithCaller(Constructor.java:499)\r\n\tat java.base/java.lang.reflect.Constructor.newInstance(Constructor.java:480)\r\n\tat org.openqa.selenium.remote.http.W3CHttpResponseCodec.createException(W3CHttpResponseCodec.java:187)\r\n\tat org.openqa.selenium.remote.http.W3CHttpResponseCodec.decode(W3CHttpResponseCodec.java:122)\r\n\tat org.openqa.selenium.remote.http.W3CHttpResponseCodec.decode(W3CHttpResponseCodec.java:49)\r\n\tat org.openqa.selenium.remote.HttpCommandExecutor.execute(HttpCommandExecutor.java:158)\r\n\tat org.openqa.selenium.remote.service.DriverCommandExecutor.execute(DriverCommandExecutor.java:83)\r\n\tat org.openqa.selenium.remote.RemoteWebDriver.execute(RemoteWebDriver.java:552)\r\n\tat org.openqa.selenium.remote.RemoteWebDriver.execute(RemoteWebDriver.java:609)\r\n\tat org.openqa.selenium.remote.RemoteWebDriver.close(RemoteWebDriver.java:442)\r\n\tat com.juaracoding.drivers.DriverSingleton.closeObjectInstance(DriverSingleton.java:49)\r\n\tat com.juaracoding.cucumber.TestLogin.finish(TestLogin.java:32)\r\n","status":"failed"},"line":4,"name":"Cucumber will report this error:","match":{"arguments":[],"location":"io.cucumber.core.Failure.cucumber_reports_this_error()"},"keyword":"Then "}]}],"name":"Test run failed","description":"There were errors during the execution","id":"failure","keyword":"Feature","uri":"classpath:io/cucumber/core/failure.feature","tags":[]}]